Здесь приведены результаты выводов в файл всех скриптов в режиме реального времени:

Запуск неблокирующего TCP-сервера /TEST/parallel_requests/socket_server.php на 127.0.0.1:9999... - 1780669919.5424
Сервер запущен в неблокирующем режиме. Ожидание подключений...
Общая память (массив), хранимая в массиве скрипта socket_server.php:
Array
(
)

Отправлены POST-запросы через сокеты следующим скриптам:
<b>/TEST/parallel_requests/socket_server.php
/TEST/parallel_requests/p_setter.php
/TEST/parallel_requests/p_getter.php</b>
 Ожидание ответов...

Попытка подключения клиента с именем CLIENT1 к сокет-серверу 127.0.0.1:9999...
Подключение установлено. Отправка данных...
Отправлено 58 байт данных.
Новое подключение принято. Всего клиентов: 1
Попытка подключения клиента с именем CLIENT1 к сокет-серверу 127.0.0.1:9999...
Сокет-сервером получены данные (запрос) от сокет-клиента: 'CLIENT1:param1=>value1;param2=>value2;1780669919.5591:set'
Сервер отправил ответ клиенту с именем CLIENT1 (3 байт)
Подключение установлено. Отправка данных...
Общая память (массив), хранимая в массиве скрипта socket_server.php:
Array
(
    [CLIENT1] => Array
        (
            [0] => param1=>value1;param2=>value2;1780669919.5591
        )

)

Соединение клиента закрыто. Окончание работы CLIENT1 (файл /TEST/parallel_requests/socket_client.php)
Отправлено 27 байт данных.
Скрипт <b>/TEST/parallel_requests/socket_client.php</b> сообщает: Клиент с именем CLIENT1 успешно отправил запрос на сокет-сервер и записал в память сервера следующие данные: param1=>value1;param2=>value2;1780669919.5591

Новое подключение принято. Всего клиентов: 2
Клиент отключился. Закрываем соединение с ним.

Сокет-сервером получены данные (запрос) от сокет-клиента: 'CLIENT1:1780669919.565:get'
Сервер отправил ответ клиенту с именем CLIENT1 (46 байт)
Клиентом получен ответ от сервера: 'param1=>value1;param2=>value2;1780669919.5591'
Общая память (массив), хранимая в массиве скрипта socket_server.php:
Array
(
    [CLIENT1] => Array
        (
        )

)

Соединение клиента закрыто. Окончание работы CLIENT1 (файл /TEST/parallel_requests/socket_client.php)
Скрипт <b>/TEST/parallel_requests/socket_client.php</b> сообщает: Клиент с именем CLIENT1 успешно отправил запрос на сокет-сервер и извлек из памяти сервера следующие данные: param1=>value1;param2=>value2;1780669919.5591

Клиент отключился. Закрываем соединение с ним.

Попытка подключения клиента с именем CLIENT1 к сокет-серверу 127.0.0.1:9999...
Подключение установлено. Отправка данных...
Отправлено 58 байт данных.
Новое подключение принято. Всего клиентов: 1
Сокет-сервером получены данные (запрос) от сокет-клиента: 'CLIENT1:param1=>value1;param2=>value2;1780669919.7696:set'
Сервер отправил ответ клиенту с именем CLIENT1 (3 байт)
Клиентом получен ответ от сервера: 'OK'
Общая память (массив), хранимая в массиве скрипта socket_server.php:
Array
(
    [CLIENT1] => Array
        (
            [0] => param1=>value1;param2=>value2;1780669919.7696
        )

)

Соединение клиента закрыто. Окончание работы CLIENT1 (файл /TEST/parallel_requests/socket_client.php)
Скрипт <b>/TEST/parallel_requests/socket_client.php</b> сообщает: Клиент с именем CLIENT1 успешно отправил запрос на сокет-сервер и записал в память сервера следующие данные: param1=>value1;param2=>value2;1780669919.7696

Клиент отключился. Закрываем соединение с ним.

Попытка подключения клиента с именем CLIENT1 к сокет-серверу 127.0.0.1:9999...
Подключение установлено. Отправка данных...
Отправлено 58 байт данных.
Новое подключение принято. Всего клиентов: 1
Сокет-сервером получены данные (запрос) от сокет-клиента: 'CLIENT1:param1=>value1;param2=>value2;1780669919.9767:set'
Сервер отправил ответ клиенту с именем CLIENT1 (3 байт)
Клиентом получен ответ от сервера: 'OK'
Общая память (массив), хранимая в массиве скрипта socket_server.php:
Array
(
    [CLIENT1] => Array
        (
            [0] => param1=>value1;param2=>value2;1780669919.7696
            [1] => param1=>value1;param2=>value2;1780669919.9767
        )

)

Соединение клиента закрыто. Окончание работы CLIENT1 (файл /TEST/parallel_requests/socket_client.php)
Скрипт <b>/TEST/parallel_requests/socket_client.php</b> сообщает: Клиент с именем CLIENT1 успешно отправил запрос на сокет-сервер и записал в память сервера следующие данные: param1=>value1;param2=>value2;1780669919.9767

Клиент отключился. Закрываем соединение с ним.

Попытка подключения клиента с именем CLIENT1 к сокет-серверу 127.0.0.1:9999...
Подключение установлено. Отправка данных...
Отправлено 28 байт данных.
Новое подключение принято. Всего клиентов: 1
Сокет-сервером получены данные (запрос) от сокет-клиента: 'CLIENT1:1780669920.0823:get'
Сервер отправил ответ клиенту с именем CLIENT1 (46 байт)
Клиентом получен ответ от сервера: 'param1=>value1;param2=>value2;1780669919.7696'
Общая память (массив), хранимая в массиве скрипта socket_server.php:
Array
(
    [CLIENT1] => Array
        (
            [0] => param1=>value1;param2=>value2;1780669919.9767
        )

)

Соединение клиента закрыто. Окончание работы CLIENT1 (файл /TEST/parallel_requests/socket_client.php)
Скрипт <b>/TEST/parallel_requests/socket_client.php</b> сообщает: Клиент с именем CLIENT1 успешно отправил запрос на сокет-сервер и извлек из памяти сервера следующие данные: param1=>value1;param2=>value2;1780669919.7696

Клиент отключился. Закрываем соединение с ним.

Попытка подключения клиента с именем CLIENT1 к сокет-серверу 127.0.0.1:9999...
Подключение установлено. Отправка данных...
Отправлено 58 байт данных.
Новое подключение принято. Всего клиентов: 1
Сокет-сервером получены данные (запрос) от сокет-клиента: 'CLIENT1:param1=>value1;param2=>value2;1780669920.1922:set'
Сервер отправил ответ клиенту с именем CLIENT1 (3 байт)
Клиентом получен ответ от сервера: 'OK'
Общая память (массив), хранимая в массиве скрипта socket_server.php:
Array
(
    [CLIENT1] => Array
        (
            [0] => param1=>value1;param2=>value2;1780669919.9767
            [1] => param1=>value1;param2=>value2;1780669920.1922
        )

)

Соединение клиента закрыто. Окончание работы CLIENT1 (файл /TEST/parallel_requests/socket_client.php)
Скрипт <b>/TEST/parallel_requests/socket_client.php</b> сообщает: Клиент с именем CLIENT1 успешно отправил запрос на сокет-сервер и записал в память сервера следующие данные: param1=>value1;param2=>value2;1780669920.1922

Клиент отключился. Закрываем соединение с ним.

Попытка подключения клиента с именем CLIENT1 к сокет-серверу 127.0.0.1:9999...
Подключение установлено. Отправка данных...
Отправлено 58 байт данных.
Новое подключение принято. Всего клиентов: 1
Сокет-сервером получены данные (запрос) от сокет-клиента: 'CLIENT1:param1=>value1;param2=>value2;1780669920.4027:set'
Сервер отправил ответ клиенту с именем CLIENT1 (3 байт)
Клиентом получен ответ от сервера: 'OK'
Общая память (массив), хранимая в массиве скрипта socket_server.php:
Array
(
    [CLIENT1] => Array
        (
            [0] => param1=>value1;param2=>value2;1780669919.9767
            [1] => param1=>value1;param2=>value2;1780669920.1922
            [2] => param1=>value1;param2=>value2;1780669920.4027
        )

)

Соединение клиента закрыто. Окончание работы CLIENT1 (файл /TEST/parallel_requests/socket_client.php)
Скрипт <b>/TEST/parallel_requests/socket_client.php</b> сообщает: Клиент с именем CLIENT1 успешно отправил запрос на сокет-сервер и записал в память сервера следующие данные: param1=>value1;param2=>value2;1780669920.4027

Клиент отключился. Закрываем соединение с ним.

Сокет-сервер прекратил работу, т.к. истек заданный таймаут (1 сек.).

Сокет, вызвавший скрипт /TEST/parallel_requests/socket_server.php, корректно закрыт.

Сокет, вызвавший скрипт /TEST/parallel_requests/p_getter.php, корректно закрыт.

Сокет, вызвавший скрипт /TEST/parallel_requests/p_setter.php, корректно закрыт.
<p style='font-size: 120%; text-decoration: underline'>Результаты запуска указанных скриптов (сводно, в отдельности по каждому из них):</p>
1. Для <b>/TEST/parallel_requests/socket_server.php</b>:
<pre>Запуск неблокирующего TCP-сервера /TEST/parallel_requests/socket_server.php на 127.0.0.1:9999... - 1780669919.5424
Сервер запущен в неблокирующем режиме. Ожидание подключений...
Общая память (массив), хранимая в массиве скрипта socket_server.php:
Array
(
)

Новое подключение принято. Всего клиентов: 1
Сокет-сервером получены данные (запрос) от сокет-клиента: 'CLIENT1:param1=>value1;param2=>value2;1780669919.5591:set'
Сервер отправил ответ клиенту с именем CLIENT1 (3 байт)
Общая память (массив), хранимая в массиве скрипта socket_server.php:
Array
(
    [CLIENT1] => Array
        (
            [0] => param1=>value1;param2=>value2;1780669919.5591
        )

)

Новое подключение принято. Всего клиентов: 2
Клиент отключился. Закрываем соединение с ним.

Сокет-сервером получены данные (запрос) от сокет-клиента: 'CLIENT1:1780669919.565:get'
Сервер отправил ответ клиенту с именем CLIENT1 (46 байт)
Общая память (массив), хранимая в массиве скрипта socket_server.php:
Array
(
    [CLIENT1] => Array
        (
        )

)

Клиент отключился. Закрываем соединение с ним.

Новое подключение принято. Всего клиентов: 1
Сокет-сервером получены данные (запрос) от сокет-клиента: 'CLIENT1:param1=>value1;param2=>value2;1780669919.7696:set'
Сервер отправил ответ клиенту с именем CLIENT1 (3 байт)
Общая память (массив), хранимая в массиве скрипта socket_server.php:
Array
(
    [CLIENT1] => Array
        (
            [0] => param1=>value1;param2=>value2;1780669919.7696
        )

)

Клиент отключился. Закрываем соединение с ним.

Новое подключение принято. Всего клиентов: 1
Сокет-сервером получены данные (запрос) от сокет-клиента: 'CLIENT1:param1=>value1;param2=>value2;1780669919.9767:set'
Сервер отправил ответ клиенту с именем CLIENT1 (3 байт)
Общая память (массив), хранимая в массиве скрипта socket_server.php:
Array
(
    [CLIENT1] => Array
        (
            [0] => param1=>value1;param2=>value2;1780669919.7696
            [1] => param1=>value1;param2=>value2;1780669919.9767
        )

)

Клиент отключился. Закрываем соединение с ним.

Новое подключение принято. Всего клиентов: 1
Сокет-сервером получены данные (запрос) от сокет-клиента: 'CLIENT1:1780669920.0823:get'
Сервер отправил ответ клиенту с именем CLIENT1 (46 байт)
Общая память (массив), хранимая в массиве скрипта socket_server.php:
Array
(
    [CLIENT1] => Array
        (
            [0] => param1=>value1;param2=>value2;1780669919.9767
        )

)

Клиент отключился. Закрываем соединение с ним.

Новое подключение принято. Всего клиентов: 1
Сокет-сервером получены данные (запрос) от сокет-клиента: 'CLIENT1:param1=>value1;param2=>value2;1780669920.1922:set'
Сервер отправил ответ клиенту с именем CLIENT1 (3 байт)
Общая память (массив), хранимая в массиве скрипта socket_server.php:
Array
(
    [CLIENT1] => Array
        (
            [0] => param1=>value1;param2=>value2;1780669919.9767
            [1] => param1=>value1;param2=>value2;1780669920.1922
        )

)

Клиент отключился. Закрываем соединение с ним.

Новое подключение принято. Всего клиентов: 1
Сокет-сервером получены данные (запрос) от сокет-клиента: 'CLIENT1:param1=>value1;param2=>value2;1780669920.4027:set'
Сервер отправил ответ клиенту с именем CLIENT1 (3 байт)
Общая память (массив), хранимая в массиве скрипта socket_server.php:
Array
(
    [CLIENT1] => Array
        (
            [0] => param1=>value1;param2=>value2;1780669919.9767
            [1] => param1=>value1;param2=>value2;1780669920.1922
            [2] => param1=>value1;param2=>value2;1780669920.4027
        )

)

Клиент отключился. Закрываем соединение с ним.

Сокет-сервер прекратил работу, т.к. истек заданный таймаут (1 сек.).
<b>/TEST/parallel_requests/socket_server.php</b> - finish 


2. Для <b>/TEST/parallel_requests/p_setter.php</b>:
Попытка подключения клиента с именем CLIENT1 к сокет-серверу 127.0.0.1:9999...
Подключение установлено. Отправка данных...
Отправлено 58 байт данных.
Клиентом получен ответ от сервера: 'OK'
Соединение клиента закрыто. Окончание работы CLIENT1 (файл /TEST/parallel_requests/socket_client.php)
Скрипт <b>/TEST/parallel_requests/socket_client.php</b> сообщает: Клиент с именем CLIENT1 успешно отправил запрос на сокет-сервер и записал в память сервера следующие данные: param1=>value1;param2=>value2;1780669919.5591

Попытка подключения клиента с именем CLIENT1 к сокет-серверу 127.0.0.1:9999...
Подключение установлено. Отправка данных...
Отправлено 58 байт данных.
Клиентом получен ответ от сервера: 'OK'
Соединение клиента закрыто. Окончание работы CLIENT1 (файл /TEST/parallel_requests/socket_client.php)
Скрипт <b>/TEST/parallel_requests/socket_client.php</b> сообщает: Клиент с именем CLIENT1 успешно отправил запрос на сокет-сервер и записал в память сервера следующие данные: param1=>value1;param2=>value2;1780669919.7696

Попытка подключения клиента с именем CLIENT1 к сокет-серверу 127.0.0.1:9999...
Подключение установлено. Отправка данных...
Отправлено 58 байт данных.
Клиентом получен ответ от сервера: 'OK'
Соединение клиента закрыто. Окончание работы CLIENT1 (файл /TEST/parallel_requests/socket_client.php)
Скрипт <b>/TEST/parallel_requests/socket_client.php</b> сообщает: Клиент с именем CLIENT1 успешно отправил запрос на сокет-сервер и записал в память сервера следующие данные: param1=>value1;param2=>value2;1780669919.9767

Попытка подключения клиента с именем CLIENT1 к сокет-серверу 127.0.0.1:9999...
Подключение установлено. Отправка данных...
Отправлено 58 байт данных.
Клиентом получен ответ от сервера: 'OK'
Соединение клиента закрыто. Окончание работы CLIENT1 (файл /TEST/parallel_requests/socket_client.php)
Скрипт <b>/TEST/parallel_requests/socket_client.php</b> сообщает: Клиент с именем CLIENT1 успешно отправил запрос на сокет-сервер и записал в память сервера следующие данные: param1=>value1;param2=>value2;1780669920.1922

Попытка подключения клиента с именем CLIENT1 к сокет-серверу 127.0.0.1:9999...
Подключение установлено. Отправка данных...
Отправлено 58 байт данных.
Клиентом получен ответ от сервера: 'OK'
Соединение клиента закрыто. Окончание работы CLIENT1 (файл /TEST/parallel_requests/socket_client.php)
Скрипт <b>/TEST/parallel_requests/socket_client.php</b> сообщает: Клиент с именем CLIENT1 успешно отправил запрос на сокет-сервер и записал в память сервера следующие данные: param1=>value1;param2=>value2;1780669920.4027



3. Для <b>/TEST/parallel_requests/p_getter.php</b>:
Попытка подключения клиента с именем CLIENT1 к сокет-серверу 127.0.0.1:9999...
Подключение установлено. Отправка данных...
Отправлено 27 байт данных.
Клиентом получен ответ от сервера: 'param1=>value1;param2=>value2;1780669919.5591'
Соединение клиента закрыто. Окончание работы CLIENT1 (файл /TEST/parallel_requests/socket_client.php)
Скрипт <b>/TEST/parallel_requests/socket_client.php</b> сообщает: Клиент с именем CLIENT1 успешно отправил запрос на сокет-сервер и извлек из памяти сервера следующие данные: param1=>value1;param2=>value2;1780669919.5591

Попытка подключения клиента с именем CLIENT1 к сокет-серверу 127.0.0.1:9999...
Подключение установлено. Отправка данных...
Отправлено 28 байт данных.
Клиентом получен ответ от сервера: 'param1=>value1;param2=>value2;1780669919.7696'
Соединение клиента закрыто. Окончание работы CLIENT1 (файл /TEST/parallel_requests/socket_client.php)
Скрипт <b>/TEST/parallel_requests/socket_client.php</b> сообщает: Клиент с именем CLIENT1 успешно отправил запрос на сокет-сервер и извлек из памяти сервера следующие данные: param1=>value1;param2=>value2;1780669919.7696



